2021-01-09 15:32:57,295 INFO org.springframework.boot.StartupInfoLogger [main] Starting JavaAdvanceApplicationTests on yaroslav-G3-3579 with PID 22772 (started by yaroslav in /home/yaroslav/IdeaProjects/StudentHostel v 2.0)
2021-01-09 15:32:57,299 DEBUG org.springframework.boot.StartupInfoLogger [main] Running with Spring Boot v2.3.4.RELEASE, Spring v5.2.9.RELEASE
2021-01-09 15:32:57,301 INFO org.springframework.boot.SpringApplication [main] No active profile set, falling back to default profiles: default
2021-01-09 15:32:58,187 INFO org.springframework.data.repository.config.RepositoryConfigurationDelegate [main] Multiple Spring Data modules found, entering strict repository configuration mode!
2021-01-09 15:32:58,191 INFO org.springframework.data.repository.config.RepositoryConfigurationDelegate [main] Bootstrapping Spring Data JDBC repositories in DEFAULT mode.
2021-01-09 15:32:58,260 INFO org.springframework.data.repository.config.RepositoryConfigurationExtensionSupport [main] Spring Data JDBC - Could not safely identify store assignment for repository candidate interface ua.yaroslav.student.hostel.repositories.HostelRepository. If you want this repository to be a JDBC repository, consider annotating your entities with one of these annotations: org.springframework.data.relational.core.mapping.Table.
2021-01-09 15:32:58,263 INFO org.springframework.data.repository.config.RepositoryConfigurationExtensionSupport [main] Spring Data JDBC - Could not safely identify store assignment for repository candidate interface ua.yaroslav.student.hostel.repositories.RoleRepository. If you want this repository to be a JDBC repository, consider annotating your entities with one of these annotations: org.springframework.data.relational.core.mapping.Table.
2021-01-09 15:32:58,265 INFO org.springframework.data.repository.config.RepositoryConfigurationExtensionSupport [main] Spring Data JDBC - Could not safely identify store assignment for repository candidate interface ua.yaroslav.student.hostel.repositories.StudentRepository. If you want this repository to be a JDBC repository, consider annotating your entities with one of these annotations: org.springframework.data.relational.core.mapping.Table.
2021-01-09 15:32:58,268 INFO org.springframework.data.repository.config.RepositoryConfigurationExtensionSupport [main] Spring Data JDBC - Could not safely identify store assignment for repository candidate interface ua.yaroslav.student.hostel.repositories.UserRepository. If you want this repository to be a JDBC repository, consider annotating your entities with one of these annotations: org.springframework.data.relational.core.mapping.Table.
2021-01-09 15:32:58,271 INFO org.springframework.data.repository.config.RepositoryConfigurationDelegate [main] Finished Spring Data repository scanning in 69ms. Found 0 JDBC repository interfaces.
2021-01-09 15:32:58,286 INFO org.springframework.data.repository.config.RepositoryConfigurationDelegate [main] Multiple Spring Data modules found, entering strict repository configuration mode!
2021-01-09 15:32:58,288 INFO org.springframework.data.repository.config.RepositoryConfigurationDelegate [main] Bootstrapping Spring Data JPA repositories in DEFERRED mode.
2021-01-09 15:32:58,345 INFO org.springframework.data.repository.config.RepositoryConfigurationDelegate [main] Finished Spring Data repository scanning in 50ms. Found 4 JPA repository interfaces.
2021-01-09 15:32:59,112 INFO org.springframework.scheduling.concurrent.ExecutorConfigurationSupport [main] Initializing ExecutorService 'applicationTaskExecutor'
2021-01-09 15:32:59,182 INFO org.hibernate.jpa.internal.util.LogHelper [task-1] HHH000204: Processing PersistenceUnitInfo [name: default]
2021-01-09 15:32:59,310 WARN org.springframework.boot.autoconfigure.orm.jpa.JpaBaseConfiguration$JpaWebConfiguration [main] spring.jpa.open-in-view is enabled by default. Therefore, database queries may be performed during view rendering. Explicitly configure spring.jpa.open-in-view to disable this warning
2021-01-09 15:32:59,352 INFO org.hibernate.Version [task-1] HHH000412: Hibernate ORM core version 5.4.21.Final
2021-01-09 15:32:59,630 INFO org.hibernate.annotations.common.reflection.java.JavaReflectionManager [task-1] HCANN000001: Hibernate Commons Annotations {5.1.0.Final}
2021-01-09 15:32:59,655 INFO ua.yaroslav.student.hostel.WebSecurityConfig [main] User authenficeted
2021-01-09 15:32:59,749 INFO ua.yaroslav.student.hostel.WebSecurityConfig [main] Authenfication was called
2021-01-09 15:32:59,816 INFO com.zaxxer.hikari.HikariDataSource [task-1] HikariPool-1 - Starting...
2021-01-09 15:32:59,961 INFO org.springframework.security.web.DefaultSecurityFilterChain [main] Creating filter chain: any request, [org.springframework.security.web.context.request.async.WebAsyncManagerIntegrationFilter@1d805aa1, org.springframework.security.web.context.SecurityContextPersistenceFilter@3f1ed068, org.springframework.security.web.header.HeaderWriterFilter@6edf29c1, org.springframework.security.web.csrf.CsrfFilter@1f346ad2, org.springframework.security.web.authentication.logout.LogoutFilter@26350ea2, org.springframework.security.web.authentication.UsernamePasswordAuthenticationFilter@94e51e8, org.springframework.security.web.authentication.www.BasicAuthenticationFilter@71e4b308, org.springframework.security.web.savedrequest.RequestCacheAwareFilter@2e645fbd, org.springframework.security.web.servletapi.SecurityContextHolderAwareRequestFilter@7d3fb0ef, org.springframework.security.web.authentication.AnonymousAuthenticationFilter@176f7f3b, org.springframework.security.web.session.SessionManagementFilter@66b59b7d, org.springframework.security.web.access.ExceptionTranslationFilter@7c8c70d6, org.springframework.security.web.access.intercept.FilterSecurityInterceptor@56cfe111]
2021-01-09 15:33:00,108 INFO com.zaxxer.hikari.HikariDataSource [task-1] HikariPool-1 - Start completed.
2021-01-09 15:33:00,175 INFO org.hibernate.dialect.Dialect [task-1] HHH000400: Using dialect: org.hibernate.dialect.MySQL57Dialect
2021-01-09 15:33:01,224 INFO org.springframework.data.repository.config.DeferredRepositoryInitializationListener [main] Triggering deferred initialization of Spring Data repositories…
2021-01-09 15:33:01,450 INFO org.hibernate.engine.transaction.jta.platform.internal.JtaPlatformInitiator [task-1] HHH000490: Using JtaPlatform implementation: [org.hibernate.engine.transaction.jta.platform.internal.NoJtaPlatform]
2021-01-09 15:33:01,467 INFO org.springframework.orm.jpa.AbstractEntityManagerFactoryBean [task-1] Initialized JPA EntityManagerFactory for persistence unit 'default'
2021-01-09 15:33:02,106 INFO org.springframework.data.repository.config.DeferredRepositoryInitializationListener [main] Spring Data repositories initialized!
2021-01-09 15:33:02,119 INFO org.springframework.boot.StartupInfoLogger [main] Started JavaAdvanceApplicationTests in 5.215 seconds (JVM running for 7.117)
2021-01-09 15:33:02,460 DEBUG ua.yaroslav.student.hostel.services.HostelService [main] Was found hostel:
2021-01-09 15:33:02,473 DEBUG ua.yaroslav.student.hostel.services.HostelService [main] Was found all hostels
2021-01-09 15:33:02,475 DEBUG ua.yaroslav.student.hostel.services.HostelService [main] Was saved hostel: Hostel{id=0, name='null', rooms=0}
2021-01-09 15:33:02,520 DEBUG ua.yaroslav.student.hostel.services.StudentService [main] Student Taraswas found
2021-01-09 15:33:02,523 DEBUG ua.yaroslav.student.hostel.services.StudentService [main] Student 4was faund
2021-01-09 15:33:02,525 DEBUG ua.yaroslav.student.hostel.services.StudentService [main] Student 4was faund
2021-01-09 15:33:02,527 DEBUG ua.yaroslav.student.hostel.services.StudentService [main] Student 14was deleted
2021-01-09 15:33:02,528 DEBUG ua.yaroslav.student.hostel.services.StudentService [main] Student was saved: Student{id=0, firstName='null', secondName='null', roomNumber=0, faculty='null', birthday='null'}
2021-01-09 15:33:02,532 DEBUG ua.yaroslav.student.hostel.services.StudentService [main] Was faund all students
2021-01-09 15:33:02,533 DEBUG ua.yaroslav.student.hostel.services.StudentService [main] Was faund all students
2021-01-09 15:33:02,535 DEBUG ua.yaroslav.student.hostel.services.StudentService [main] Student Student{id=0, firstName='null', secondName='null', roomNumber=0, faculty='null', birthday='null'}was updated
2021-01-09 15:33:02,536 DEBUG ua.yaroslav.student.hostel.services.StudentService [main] Was found students by firstName and faculty
2021-01-09 15:33:03,074 DEBUG ua.yaroslav.student.hostel.services.UserService [main] User User{id=0, username='Oleg', roles=[Role{name='ROLE_USER'}]} was saved
2021-01-09 15:33:03,077 ERROR ua.yaroslav.student.hostel.services.UserService [main] User: nullwas not found
2021-01-09 15:33:03,079 DEBUG ua.yaroslav.student.hostel.services.UserService [main] User was authorizeted: User{id=0, username='Andriy', roles=null}
2021-01-09 15:33:03,089 INFO org.springframework.orm.jpa.AbstractEntityManagerFactoryBean [SpringContextShutdownHook] Closing JPA EntityManagerFactory for persistence unit 'default'
2021-01-09 15:33:03,094 INFO org.springframework.scheduling.concurrent.ExecutorConfigurationSupport [SpringContextShutdownHook] Shutting down ExecutorService 'applicationTaskExecutor'
2021-01-09 15:33:03,095 INFO com.zaxxer.hikari.HikariDataSource [SpringContextShutdownHook] HikariPool-1 - Shutdown initiated...
2021-01-09 15:33:03,105 INFO com.zaxxer.hikari.HikariDataSource [SpringContextShutdownHook] HikariPool-1 - Shutdown completed.
2021-01-09 23:55:18,284 INFO org.springframework.boot.StartupInfoLogger [main] Starting JavaAdvanceApplicationTests on yaroslav-G3-3579 with PID 8214 (started by yaroslav in /home/yaroslav/IdeaProjects/StudentHostel v 2.0)
2021-01-09 23:55:18,288 DEBUG org.springframework.boot.StartupInfoLogger [main] Running with Spring Boot v2.3.4.RELEASE, Spring v5.2.9.RELEASE
2021-01-09 23:55:18,290 INFO org.springframework.boot.SpringApplication [main] No active profile set, falling back to default profiles: default
2021-01-09 23:55:19,620 INFO org.springframework.data.repository.config.RepositoryConfigurationDelegate [main] Multiple Spring Data modules found, entering strict repository configuration mode!
2021-01-09 23:55:19,623 INFO org.springframework.data.repository.config.RepositoryConfigurationDelegate [main] Bootstrapping Spring Data JDBC repositories in DEFAULT mode.
2021-01-09 23:55:19,708 INFO org.springframework.data.repository.config.RepositoryConfigurationExtensionSupport [main] Spring Data JDBC - Could not safely identify store assignment for repository candidate interface ua.yaroslav.student.hostel.repositories.HostelRepository. If you want this repository to be a JDBC repository, consider annotating your entities with one of these annotations: org.springframework.data.relational.core.mapping.Table.
2021-01-09 23:55:19,711 INFO org.springframework.data.repository.config.RepositoryConfigurationExtensionSupport [main] Spring Data JDBC - Could not safely identify store assignment for repository candidate interface ua.yaroslav.student.hostel.repositories.RoleRepository. If you want this repository to be a JDBC repository, consider annotating your entities with one of these annotations: org.springframework.data.relational.core.mapping.Table.
2021-01-09 23:55:19,714 INFO org.springframework.data.repository.config.RepositoryConfigurationExtensionSupport [main] Spring Data JDBC - Could not safely identify store assignment for repository candidate interface ua.yaroslav.student.hostel.repositories.StudentRepository. If you want this repository to be a JDBC repository, consider annotating your entities with one of these annotations: org.springframework.data.relational.core.mapping.Table.
2021-01-09 23:55:19,717 INFO org.springframework.data.repository.config.RepositoryConfigurationExtensionSupport [main] Spring Data JDBC - Could not safely identify store assignment for repository candidate interface ua.yaroslav.student.hostel.repositories.UserRepository. If you want this repository to be a JDBC repository, consider annotating your entities with one of these annotations: org.springframework.data.relational.core.mapping.Table.
2021-01-09 23:55:19,720 INFO org.springframework.data.repository.config.RepositoryConfigurationDelegate [main] Finished Spring Data repository scanning in 79ms. Found 0 JDBC repository interfaces.
2021-01-09 23:55:19,742 INFO org.springframework.data.repository.config.RepositoryConfigurationDelegate [main] Multiple Spring Data modules found, entering strict repository configuration mode!
2021-01-09 23:55:19,746 INFO org.springframework.data.repository.config.RepositoryConfigurationDelegate [main] Bootstrapping Spring Data JPA repositories in DEFERRED mode.
2021-01-09 23:55:19,818 INFO org.springframework.data.repository.config.RepositoryConfigurationDelegate [main] Finished Spring Data repository scanning in 61ms. Found 4 JPA repository interfaces.
2021-01-09 23:55:21,022 INFO org.springframework.scheduling.concurrent.ExecutorConfigurationSupport [main] Initializing ExecutorService 'applicationTaskExecutor'
2021-01-09 23:55:21,160 INFO org.hibernate.jpa.internal.util.LogHelper [task-1] HHH000204: Processing PersistenceUnitInfo [name: default]
2021-01-09 23:55:21,448 WARN org.springframework.boot.autoconfigure.orm.jpa.JpaBaseConfiguration$JpaWebConfiguration [main] spring.jpa.open-in-view is enabled by default. Therefore, database queries may be performed during view rendering. Explicitly configure spring.jpa.open-in-view to disable this warning
2021-01-09 23:55:21,502 INFO org.hibernate.Version [task-1] HHH000412: Hibernate ORM core version 5.4.21.Final
2021-01-09 23:55:21,833 INFO org.hibernate.annotations.common.reflection.java.JavaReflectionManager [task-1] HCANN000001: Hibernate Commons Annotations {5.1.0.Final}
2021-01-09 23:55:21,881 INFO ua.yaroslav.student.hostel.WebSecurityConfig [main] User authenficeted
2021-01-09 23:55:22,013 INFO ua.yaroslav.student.hostel.WebSecurityConfig [main] Authenfication was called
2021-01-09 23:55:22,060 INFO com.zaxxer.hikari.HikariDataSource [task-1] HikariPool-1 - Starting...
2021-01-09 23:55:22,237 INFO org.springframework.security.web.DefaultSecurityFilterChain [main] Creating filter chain: any request, [org.springframework.security.web.context.request.async.WebAsyncManagerIntegrationFilter@1d805aa1, org.springframework.security.web.context.SecurityContextPersistenceFilter@3f1ed068, org.springframework.security.web.header.HeaderWriterFilter@6edf29c1, org.springframework.security.web.csrf.CsrfFilter@1f346ad2, org.springframework.security.web.authentication.logout.LogoutFilter@26350ea2, org.springframework.security.web.authentication.UsernamePasswordAuthenticationFilter@94e51e8, org.springframework.security.web.authentication.www.BasicAuthenticationFilter@71e4b308, org.springframework.security.web.savedrequest.RequestCacheAwareFilter@2e645fbd, org.springframework.security.web.servletapi.SecurityContextHolderAwareRequestFilter@7d3fb0ef, org.springframework.security.web.authentication.AnonymousAuthenticationFilter@176f7f3b, org.springframework.security.web.session.SessionManagementFilter@66b59b7d, org.springframework.security.web.access.ExceptionTranslationFilter@7c8c70d6, org.springframework.security.web.access.intercept.FilterSecurityInterceptor@56cfe111]
2021-01-09 23:55:22,387 INFO com.zaxxer.hikari.HikariDataSource [task-1] HikariPool-1 - Start completed.
2021-01-09 23:55:22,452 INFO org.hibernate.dialect.Dialect [task-1] HHH000400: Using dialect: org.hibernate.dialect.MySQL57Dialect
2021-01-09 23:55:23,861 INFO org.springframework.data.repository.config.DeferredRepositoryInitializationListener [main] Triggering deferred initialization of Spring Data repositories…
2021-01-09 23:55:24,204 INFO org.hibernate.engine.transaction.jta.platform.internal.JtaPlatformInitiator [task-1] HHH000490: Using JtaPlatform implementation: [org.hibernate.engine.transaction.jta.platform.internal.NoJtaPlatform]
2021-01-09 23:55:24,223 INFO org.springframework.orm.jpa.AbstractEntityManagerFactoryBean [task-1] Initialized JPA EntityManagerFactory for persistence unit 'default'
2021-01-09 23:55:25,159 INFO org.springframework.data.repository.config.DeferredRepositoryInitializationListener [main] Spring Data repositories initialized!
2021-01-09 23:55:25,176 INFO org.springframework.boot.StartupInfoLogger [main] Started JavaAdvanceApplicationTests in 7.704 seconds (JVM running for 10.575)
2021-01-09 23:55:25,625 DEBUG ua.yaroslav.student.hostel.services.HostelService [main] Was found hostel:
2021-01-09 23:55:25,667 DEBUG ua.yaroslav.student.hostel.services.HostelService [main] Was found all hostels
2021-01-09 23:55:25,669 DEBUG ua.yaroslav.student.hostel.services.HostelService [main] Was saved hostel: Hostel{id=0, name='null', rooms=0}
2021-01-09 23:55:25,754 DEBUG ua.yaroslav.student.hostel.services.StudentService [main] Student Taraswas found
2021-01-09 23:55:25,759 DEBUG ua.yaroslav.student.hostel.services.StudentService [main] Student 4was faund
2021-01-09 23:55:25,762 DEBUG ua.yaroslav.student.hostel.services.StudentService [main] Student 4was faund
2021-01-09 23:55:25,766 DEBUG ua.yaroslav.student.hostel.services.StudentService [main] Student 14was deleted
2021-01-09 23:55:25,770 DEBUG ua.yaroslav.student.hostel.services.StudentService [main] Student was saved: Student{id=0, firstName='null', secondName='null', roomNumber=0, faculty='null', birthday='null'}
2021-01-09 23:55:25,777 DEBUG ua.yaroslav.student.hostel.services.StudentService [main] Was faund all students
2021-01-09 23:55:25,778 DEBUG ua.yaroslav.student.hostel.services.StudentService [main] Was faund all students
2021-01-09 23:55:25,781 DEBUG ua.yaroslav.student.hostel.services.StudentService [main] Student Student{id=0, firstName='null', secondName='null', roomNumber=0, faculty='null', birthday='null'}was updated
2021-01-09 23:55:25,785 DEBUG ua.yaroslav.student.hostel.services.StudentService [main] Was found students by firstName and faculty
2021-01-09 23:55:26,415 DEBUG ua.yaroslav.student.hostel.services.UserService [main] User User{id=0, username='Oleg', roles=[Role{name='ROLE_USER'}]} was saved
2021-01-09 23:55:26,419 ERROR ua.yaroslav.student.hostel.services.UserService [main] User: nullwas not found
2021-01-09 23:55:26,424 DEBUG ua.yaroslav.student.hostel.services.UserService [main] User was authorizeted: User{id=0, username='Andriy', roles=null}
2021-01-09 23:55:26,441 INFO org.springframework.orm.jpa.AbstractEntityManagerFactoryBean [SpringContextShutdownHook] Closing JPA EntityManagerFactory for persistence unit 'default'
2021-01-09 23:55:26,447 INFO org.springframework.scheduling.concurrent.ExecutorConfigurationSupport [SpringContextShutdownHook] Shutting down ExecutorService 'applicationTaskExecutor'
2021-01-09 23:55:26,449 INFO com.zaxxer.hikari.HikariDataSource [SpringContextShutdownHook] HikariPool-1 - Shutdown initiated...
2021-01-09 23:55:26,461 INFO com.zaxxer.hikari.HikariDataSource [SpringContextShutdownHook] HikariPool-1 - Shutdown completed.
2021-01-10 00:13:10,982 INFO org.springframework.boot.StartupInfoLogger [main] Starting JavaAdvanceApplicationTests on yaroslav-G3-3579 with PID 8867 (started by yaroslav in /home/yaroslav/IdeaProjects/StudentHostel v 2.0)
2021-01-10 00:13:10,985 DEBUG org.springframework.boot.StartupInfoLogger [main] Running with Spring Boot v2.3.4.RELEASE, Spring v5.2.9.RELEASE
2021-01-10 00:13:10,987 INFO org.springframework.boot.SpringApplication [main] No active profile set, falling back to default profiles: default
2021-01-10 00:13:12,446 INFO org.springframework.data.repository.config.RepositoryConfigurationDelegate [main] Multiple Spring Data modules found, entering strict repository configuration mode!
2021-01-10 00:13:12,450 INFO org.springframework.data.repository.config.RepositoryConfigurationDelegate [main] Bootstrapping Spring Data JDBC repositories in DEFAULT mode.
2021-01-10 00:13:12,533 INFO org.springframework.data.repository.config.RepositoryConfigurationExtensionSupport [main] Spring Data JDBC - Could not safely identify store assignment for repository candidate interface ua.yaroslav.student.hostel.repositories.HostelRepository. If you want this repository to be a JDBC repository, consider annotating your entities with one of these annotations: org.springframework.data.relational.core.mapping.Table.
2021-01-10 00:13:12,545 INFO org.springframework.data.repository.config.RepositoryConfigurationExtensionSupport [main] Spring Data JDBC - Could not safely identify store assignment for repository candidate interface ua.yaroslav.student.hostel.repositories.RoleRepository. If you want this repository to be a JDBC repository, consider annotating your entities with one of these annotations: org.springframework.data.relational.core.mapping.Table.
2021-01-10 00:13:12,547 INFO org.springframework.data.repository.config.RepositoryConfigurationExtensionSupport [main] Spring Data JDBC - Could not safely identify store assignment for repository candidate interface ua.yaroslav.student.hostel.repositories.StudentRepository. If you want this repository to be a JDBC repository, consider annotating your entities with one of these annotations: org.springframework.data.relational.core.mapping.Table.
2021-01-10 00:13:12,550 INFO org.springframework.data.repository.config.RepositoryConfigurationExtensionSupport [main] Spring Data JDBC - Could not safely identify store assignment for repository candidate interface ua.yaroslav.student.hostel.repositories.UserRepository. If you want this repository to be a JDBC repository, consider annotating your entities with one of these annotations: org.springframework.data.relational.core.mapping.Table.
2021-01-10 00:13:12,551 INFO org.springframework.data.repository.config.RepositoryConfigurationDelegate [main] Finished Spring Data repository scanning in 89ms. Found 0 JDBC repository interfaces.
2021-01-10 00:13:12,573 INFO org.springframework.data.repository.config.RepositoryConfigurationDelegate [main] Multiple Spring Data modules found, entering strict repository configuration mode!
2021-01-10 00:13:12,576 INFO org.springframework.data.repository.config.RepositoryConfigurationDelegate [main] Bootstrapping Spring Data JPA repositories in DEFERRED mode.
2021-01-10 00:13:12,646 INFO org.springframework.data.repository.config.RepositoryConfigurationDelegate [main] Finished Spring Data repository scanning in 60ms. Found 4 JPA repository interfaces.
2021-01-10 00:13:14,023 INFO org.springframework.scheduling.concurrent.ExecutorConfigurationSupport [main] Initializing ExecutorService 'applicationTaskExecutor'
2021-01-10 00:13:14,152 INFO org.hibernate.jpa.internal.util.LogHelper [task-1] HHH000204: Processing PersistenceUnitInfo [name: default]
2021-01-10 00:13:14,410 WARN org.springframework.boot.autoconfigure.orm.jpa.JpaBaseConfiguration$JpaWebConfiguration [main] spring.jpa.open-in-view is enabled by default. Therefore, database queries may be performed during view rendering. Explicitly configure spring.jpa.open-in-view to disable this warning
2021-01-10 00:13:14,454 INFO org.hibernate.Version [task-1] HHH000412: Hibernate ORM core version 5.4.21.Final
2021-01-10 00:13:14,902 INFO org.hibernate.annotations.common.reflection.java.JavaReflectionManager [task-1] HCANN000001: Hibernate Commons Annotations {5.1.0.Final}
2021-01-10 00:13:14,945 INFO ua.yaroslav.student.hostel.WebSecurityConfig [main] User authenficeted
2021-01-10 00:13:15,219 INFO ua.yaroslav.student.hostel.WebSecurityConfig [main] Authenfication was called
2021-01-10 00:13:15,280 INFO com.zaxxer.hikari.HikariDataSource [task-1] HikariPool-1 - Starting...
2021-01-10 00:13:15,561 INFO org.springframework.security.web.DefaultSecurityFilterChain [main] Creating filter chain: any request, [org.springframework.security.web.context.request.async.WebAsyncManagerIntegrationFilter@2a869a16, org.springframework.security.web.context.SecurityContextPersistenceFilter@1c26273d, org.springframework.security.web.header.HeaderWriterFilter@3aa41da1, org.springframework.security.web.csrf.CsrfFilter@2370ac7a, org.springframework.security.web.authentication.logout.LogoutFilter@1a1f5f71, org.springframework.security.web.authentication.UsernamePasswordAuthenticationFilter@19a64eae, org.springframework.security.web.authentication.www.BasicAuthenticationFilter@15c4af7a, org.springframework.security.web.savedrequest.RequestCacheAwareFilter@7a583586, org.springframework.security.web.servletapi.SecurityContextHolderAwareRequestFilter@64d4f7c7, org.springframework.security.web.authentication.AnonymousAuthenticationFilter@ae202c6, org.springframework.security.web.session.SessionManagementFilter@3c83468e, org.springframework.security.web.access.ExceptionTranslationFilter@267dc982, org.springframework.security.web.access.intercept.FilterSecurityInterceptor@378f002a]
2021-01-10 00:13:15,850 INFO com.zaxxer.hikari.HikariDataSource [task-1] HikariPool-1 - Start completed.
2021-01-10 00:13:15,938 INFO org.hibernate.dialect.Dialect [task-1] HHH000400: Using dialect: org.hibernate.dialect.MySQL57Dialect
2021-01-10 00:13:17,855 INFO org.springframework.data.repository.config.DeferredRepositoryInitializationListener [main] Triggering deferred initialization of Spring Data repositories…
2021-01-10 00:13:18,120 INFO org.hibernate.engine.transaction.jta.platform.internal.JtaPlatformInitiator [task-1] HHH000490: Using JtaPlatform implementation: [org.hibernate.engine.transaction.jta.platform.internal.NoJtaPlatform]
2021-01-10 00:13:18,159 INFO org.springframework.orm.jpa.AbstractEntityManagerFactoryBean [task-1] Initialized JPA EntityManagerFactory for persistence unit 'default'
2021-01-10 00:13:19,288 INFO org.springframework.data.repository.config.DeferredRepositoryInitializationListener [main] Spring Data repositories initialized!
2021-01-10 00:13:19,308 INFO org.springframework.boot.StartupInfoLogger [main] Started JavaAdvanceApplicationTests in 9.04 seconds (JVM running for 11.994)
2021-01-10 00:13:20,031 DEBUG ua.yaroslav.student.hostel.services.UserService [main] User User{id=0, username='Oleg', roles=[Role{name='ROLE_USER'}]} was saved
2021-01-10 00:13:20,037 ERROR ua.yaroslav.student.hostel.services.UserService [main] User: nullwas not found
2021-01-10 00:13:20,043 DEBUG ua.yaroslav.student.hostel.services.UserService [main] User was authorizeted: User{id=0, username='Andriy', roles=null}
2021-01-10 00:13:20,117 DEBUG ua.yaroslav.student.hostel.services.HostelService [main] Was found hostel: 
2021-01-10 00:13:20,133 DEBUG ua.yaroslav.student.hostel.services.HostelService [main] Was found all hostels
2021-01-10 00:13:20,136 DEBUG ua.yaroslav.student.hostel.services.HostelService [main] Was saved hostel: Hostel{id=0, name='null', rooms=0}
2021-01-10 00:13:20,192 DEBUG ua.yaroslav.student.hostel.services.StudentService [main] Student Taraswas found
2021-01-10 00:13:20,196 DEBUG ua.yaroslav.student.hostel.services.StudentService [main] Student 4was faund
2021-01-10 00:13:20,199 DEBUG ua.yaroslav.student.hostel.services.StudentService [main] Student 4was faund
2021-01-10 00:13:20,202 DEBUG ua.yaroslav.student.hostel.services.StudentService [main] Student 14was deleted
2021-01-10 00:13:20,205 DEBUG ua.yaroslav.student.hostel.services.StudentService [main] Student was saved: Student{id=0, firstName='null', secondName='null', roomNumber=0, faculty='null', birthday='null'}
2021-01-10 00:13:20,212 DEBUG ua.yaroslav.student.hostel.services.StudentService [main] Was faund all students
2021-01-10 00:13:20,214 DEBUG ua.yaroslav.student.hostel.services.StudentService [main] Was faund all students
2021-01-10 00:13:20,216 DEBUG ua.yaroslav.student.hostel.services.StudentService [main] Student Student{id=0, firstName='null', secondName='null', roomNumber=0, faculty='null', birthday='null'}was updated
2021-01-10 00:13:20,219 DEBUG ua.yaroslav.student.hostel.services.StudentService [main] Was found students by firstName and faculty
2021-01-10 00:13:20,774 INFO org.springframework.orm.jpa.AbstractEntityManagerFactoryBean [SpringContextShutdownHook] Closing JPA EntityManagerFactory for persistence unit 'default'
2021-01-10 00:13:20,779 INFO org.springframework.scheduling.concurrent.ExecutorConfigurationSupport [SpringContextShutdownHook] Shutting down ExecutorService 'applicationTaskExecutor'
2021-01-10 00:13:20,783 INFO com.zaxxer.hikari.HikariDataSource [SpringContextShutdownHook] HikariPool-1 - Shutdown initiated...
2021-01-10 00:13:20,797 INFO com.zaxxer.hikari.HikariDataSource [SpringContextShutdownHook] HikariPool-1 - Shutdown completed.
2021-01-10 00:15:21,517 INFO org.springframework.boot.StartupInfoLogger [main] Starting JavaAdvanceApplicationTests on yaroslav-G3-3579 with PID 9494 (started by yaroslav in /home/yaroslav/IdeaProjects/StudentHostel v 2.0)
2021-01-10 00:15:21,520 DEBUG org.springframework.boot.StartupInfoLogger [main] Running with Spring Boot v2.3.4.RELEASE, Spring v5.2.9.RELEASE
2021-01-10 00:15:21,520 INFO org.springframework.boot.SpringApplication [main] No active profile set, falling back to default profiles: default
2021-01-10 00:15:22,003 INFO org.springframework.data.repository.config.RepositoryConfigurationDelegate [main] Multiple Spring Data modules found, entering strict repository configuration mode!
2021-01-10 00:15:22,005 INFO org.springframework.data.repository.config.RepositoryConfigurationDelegate [main] Bootstrapping Spring Data JDBC repositories in DEFAULT mode.
2021-01-10 00:15:22,037 INFO org.springframework.data.repository.config.RepositoryConfigurationExtensionSupport [main] Spring Data JDBC - Could not safely identify store assignment for repository candidate interface ua.yaroslav.student.hostel.repositories.HostelRepository. If you want this repository to be a JDBC repository, consider annotating your entities with one of these annotations: org.springframework.data.relational.core.mapping.Table.
2021-01-10 00:15:22,038 INFO org.springframework.data.repository.config.RepositoryConfigurationExtensionSupport [main] Spring Data JDBC - Could not safely identify store assignment for repository candidate interface ua.yaroslav.student.hostel.repositories.RoleRepository. If you want this repository to be a JDBC repository, consider annotating your entities with one of these annotations: org.springframework.data.relational.core.mapping.Table.
2021-01-10 00:15:22,039 INFO org.springframework.data.repository.config.RepositoryConfigurationExtensionSupport [main] Spring Data JDBC - Could not safely identify store assignment for repository candidate interface ua.yaroslav.student.hostel.repositories.StudentRepository. If you want this repository to be a JDBC repository, consider annotating your entities with one of these annotations: org.springframework.data.relational.core.mapping.Table.
2021-01-10 00:15:22,040 INFO org.springframework.data.repository.config.RepositoryConfigurationExtensionSupport [main] Spring Data JDBC - Could not safely identify store assignment for repository candidate interface ua.yaroslav.student.hostel.repositories.UserRepository. If you want this repository to be a JDBC repository, consider annotating your entities with one of these annotations: org.springframework.data.relational.core.mapping.Table.
2021-01-10 00:15:22,041 INFO org.springframework.data.repository.config.RepositoryConfigurationDelegate [main] Finished Spring Data repository scanning in 31ms. Found 0 JDBC repository interfaces.
2021-01-10 00:15:22,052 INFO org.springframework.data.repository.config.RepositoryConfigurationDelegate [main] Multiple Spring Data modules found, entering strict repository configuration mode!
2021-01-10 00:15:22,054 INFO org.springframework.data.repository.config.RepositoryConfigurationDelegate [main] Bootstrapping Spring Data JPA repositories in DEFERRED mode.
2021-01-10 00:15:22,091 INFO org.springframework.data.repository.config.RepositoryConfigurationDelegate [main] Finished Spring Data repository scanning in 33ms. Found 4 JPA repository interfaces.
2021-01-10 00:15:22,564 INFO org.springframework.scheduling.concurrent.ExecutorConfigurationSupport [main] Initializing ExecutorService 'applicationTaskExecutor'
2021-01-10 00:15:22,610 INFO org.hibernate.jpa.internal.util.LogHelper [task-1] HHH000204: Processing PersistenceUnitInfo [name: default]
2021-01-10 00:15:22,698 WARN org.springframework.boot.autoconfigure.orm.jpa.JpaBaseConfiguration$JpaWebConfiguration [main] spring.jpa.open-in-view is enabled by default. Therefore, database queries may be performed during view rendering. Explicitly configure spring.jpa.open-in-view to disable this warning
2021-01-10 00:15:22,711 INFO org.hibernate.Version [task-1] HHH000412: Hibernate ORM core version 5.4.21.Final
2021-01-10 00:15:22,856 INFO org.hibernate.annotations.common.reflection.java.JavaReflectionManager [task-1] HCANN000001: Hibernate Commons Annotations {5.1.0.Final}
2021-01-10 00:15:22,866 INFO ua.yaroslav.student.hostel.WebSecurityConfig [main] User authenficeted
2021-01-10 00:15:22,931 INFO ua.yaroslav.student.hostel.WebSecurityConfig [main] Authenfication was called
2021-01-10 00:15:22,960 INFO com.zaxxer.hikari.HikariDataSource [task-1] HikariPool-1 - Starting...
2021-01-10 00:15:23,037 INFO org.springframework.security.web.DefaultSecurityFilterChain [main] Creating filter chain: any request, [org.springframework.security.web.context.request.async.WebAsyncManagerIntegrationFilter@6ada9c0c, org.springframework.security.web.context.SecurityContextPersistenceFilter@3a26ec8d, org.springframework.security.web.header.HeaderWriterFilter@272ce069, org.springframework.security.web.csrf.CsrfFilter@21505815, org.springframework.security.web.authentication.logout.LogoutFilter@4acb7ecc, org.springframework.security.web.authentication.UsernamePasswordAuthenticationFilter@544e8149, org.springframework.security.web.authentication.www.BasicAuthenticationFilter@19a64eae, org.springframework.security.web.savedrequest.RequestCacheAwareFilter@100c8b75, org.springframework.security.web.servletapi.SecurityContextHolderAwareRequestFilter@3ba46e63, org.springframework.security.web.authentication.AnonymousAuthenticationFilter@7412ed6b, org.springframework.security.web.session.SessionManagementFilter@1c26273d, org.springframework.security.web.access.ExceptionTranslationFilter@74fab04a, org.springframework.security.web.access.intercept.FilterSecurityInterceptor@445bb139]
2021-01-10 00:15:23,122 INFO com.zaxxer.hikari.HikariDataSource [task-1] HikariPool-1 - Start completed.
2021-01-10 00:15:23,156 INFO org.hibernate.dialect.Dialect [task-1] HHH000400: Using dialect: org.hibernate.dialect.MySQL57Dialect
2021-01-10 00:15:23,734 INFO org.springframework.data.repository.config.DeferredRepositoryInitializationListener [main] Triggering deferred initialization of Spring Data repositories…
2021-01-10 00:15:23,830 INFO org.hibernate.engine.transaction.jta.platform.internal.JtaPlatformInitiator [task-1] HHH000490: Using JtaPlatform implementation: [org.hibernate.engine.transaction.jta.platform.internal.NoJtaPlatform]
2021-01-10 00:15:23,837 INFO org.springframework.orm.jpa.AbstractEntityManagerFactoryBean [task-1] Initialized JPA EntityManagerFactory for persistence unit 'default'
2021-01-10 00:15:24,209 INFO org.springframework.data.repository.config.DeferredRepositoryInitializationListener [main] Spring Data repositories initialized!
2021-01-10 00:15:24,219 INFO org.springframework.boot.StartupInfoLogger [main] Started JavaAdvanceApplicationTests in 2.969 seconds (JVM running for 4.183)
2021-01-10 00:15:24,533 DEBUG ua.yaroslav.student.hostel.services.UserService [main] User User{id=0, username='Oleg', roles=[Role{name='ROLE_USER'}]} was saved
2021-01-10 00:15:24,536 ERROR ua.yaroslav.student.hostel.services.UserService [main] User: nullwas not found
2021-01-10 00:15:24,538 DEBUG ua.yaroslav.student.hostel.services.UserService [main] User was authorizeted: User{id=0, username='Andriy', roles=null}
2021-01-10 00:15:24,569 DEBUG ua.yaroslav.student.hostel.services.HostelService [main] Was found hostel: 
2021-01-10 00:15:24,577 DEBUG ua.yaroslav.student.hostel.services.HostelService [main] Was found all hostels
2021-01-10 00:15:24,578 DEBUG ua.yaroslav.student.hostel.services.HostelService [main] Was saved hostel: Hostel{id=0, name='null', rooms=0}
2021-01-10 00:15:24,600 DEBUG ua.yaroslav.student.hostel.services.StudentService [main] Student Taraswas found
2021-01-10 00:15:24,602 DEBUG ua.yaroslav.student.hostel.services.StudentService [main] Student 4was faund
2021-01-10 00:15:24,604 DEBUG ua.yaroslav.student.hostel.services.StudentService [main] Student 4was faund
2021-01-10 00:15:24,605 DEBUG ua.yaroslav.student.hostel.services.StudentService [main] Student 14was deleted
2021-01-10 00:15:24,606 DEBUG ua.yaroslav.student.hostel.services.StudentService [main] Student was saved: Student{id=0, firstName='null', secondName='null', roomNumber=0, faculty='null', birthday='null'}
2021-01-10 00:15:24,609 DEBUG ua.yaroslav.student.hostel.services.StudentService [main] Was faund all students
2021-01-10 00:15:24,610 DEBUG ua.yaroslav.student.hostel.services.StudentService [main] Was faund all students
2021-01-10 00:15:24,611 DEBUG ua.yaroslav.student.hostel.services.StudentService [main] Student Student{id=0, firstName='null', secondName='null', roomNumber=0, faculty='null', birthday='null'}was updated
2021-01-10 00:15:24,612 DEBUG ua.yaroslav.student.hostel.services.StudentService [main] Was found students by firstName and faculty
2021-01-10 00:15:24,858 INFO org.springframework.orm.jpa.AbstractEntityManagerFactoryBean [SpringContextShutdownHook] Closing JPA EntityManagerFactory for persistence unit 'default'
2021-01-10 00:15:24,869 INFO org.springframework.scheduling.concurrent.ExecutorConfigurationSupport [SpringContextShutdownHook] Shutting down ExecutorService 'applicationTaskExecutor'
2021-01-10 00:15:24,870 INFO com.zaxxer.hikari.HikariDataSource [SpringContextShutdownHook] HikariPool-1 - Shutdown initiated...
2021-01-10 00:15:24,872 INFO com.zaxxer.hikari.HikariDataSource [SpringContextShutdownHook] HikariPool-1 - Shutdown completed.
